<?xml version="1.0" encoding="UTF-8"?>
<testsuite xmlns:xsi="http://www.w3.org/2001/XMLSchema-instance" xsi:noNamespaceSchemaLocation="https://maven.apache.org/surefire/maven-surefire-plugin/xsd/surefire-test-report-3.0.xsd" version="3.0" name="Resource.MyResourceTest" time="1.29" tests="1" errors="0" skipped="0" failures="0">
  <properties>
[...]
</properties>
  <testcase name="testGetIt" classname="Resource.MyResourceTest" time="1.254">
    <system-err><![CDATA[mar. 07, 2024 1:27:55 P. M. org.glassfish.jersey.message.internal.MessagingBinders$EnabledProvidersBinder bindToBinder
WARNING: A class jakarta.activation.DataSource for a default provider MessageBodyWriter<jakarta.activation.DataSource> was not found. The provider is not available.
mar. 07, 2024 1:27:55 P. M. org.glassfish.jersey.server.wadl.WadlFeature configure
WARNING: JAX-B API not found . WADL feature is disabled.
mar. 07, 2024 1:27:56 P. M. org.glassfish.grizzly.http.server.NetworkListener start
INFO: Started listener bound to [localhost:8080]
mar. 07, 2024 1:27:56 P. M. org.glassfish.grizzly.http.server.HttpServer start
INFO: [HttpServer] Started.
mar. 07, 2024 1:27:56 P. M. org.glassfish.grizzly.http.server.NetworkListener shutdownNow
INFO: Stopped listener bound to [localhost:8080]
]]></system-err>
  </testcase>
</testsuite>